<?xml version="1.0" encoding="UTF-8"?>
<!-- Generated by org.testng.reporters.JUnitReportReporter -->
<testsuite hostname="DESKTOP-JS1R8BP" failures="0" tests="3" name="com.api.testing.restassured_api_tests.DynamicJson" time="2.192" errors="0" timestamp="2025-07-18T15:05:19 IST" skipped="0">
  <testcase classname="com.api.testing.restassured_api_tests.DynamicJson" name="addBook" time="0.269"/>
  <testcase classname="com.api.testing.restassured_api_tests.DynamicJson" name="addBook" time="0.289"/>
  <testcase classname="com.api.testing.restassured_api_tests.DynamicJson" name="addBook" time="1.634"/>
</testsuite> <!-- com.api.testing.restassured_api_tests.DynamicJson -->
