<?xml version="1.0" encoding="UTF-8"?>
<!-- Generated by org.testng.reporters.JUnitReportReporter -->
<testsuite hostname="DESKTOP-JS1R8BP" failures="0" tests="3" name="com.api.testing.restassured_api_tests.DynamicJson" time="2.056" errors="0" timestamp="2025-07-10T18:51:27 IST" skipped="0">
  <testcase classname="com.api.testing.restassured_api_tests.DynamicJson" name="addBook" time="1.523"/>
  <testcase classname="com.api.testing.restassured_api_tests.DynamicJson" name="addBook" time="0.261"/>
  <testcase classname="com.api.testing.restassured_api_tests.DynamicJson" name="addBook" time="0.272"/>
</testsuite> <!-- com.api.testing.restassured_api_tests.DynamicJson -->
